<?xml version="1.0" encoding="UTF-8"?>
<testng-results ignored="0" total="1" passed="1" failed="0" skipped="0">
  <reporter-output>
  </reporter-output>
  <suite started-at="2024-03-19T21:00:54 IST" name="Default suite" finished-at="2024-03-19T21:01:25 IST" duration-ms="31277">
    <groups>
    </groups>
    <test started-at="2024-03-19T21:00:54 IST" name="Default test" finished-at="2024-03-19T21:01:25 IST" duration-ms="31277">
      <class name="learningpom.TestScript01">
        <test-method is-config="true" signature="url()[pri:0, instance:learningpom.TestScript01@6a84a97d]" started-at="2024-03-19T21:00:54 IST" name="url" finished-at="2024-03-19T21:01:11 IST" duration-ms="17699" status="PASS">
          <reporter-output>
          </reporter-output>
        </test-method> <!-- url -->
        <test-method is-config="true" signature="openBroswer()[pri:0, instance:learningpom.TestScript01@6a84a97d]" started-at="2024-03-19T21:01:11 IST" name="openBroswer" finished-at="2024-03-19T21:01:20 IST" duration-ms="9072" status="PASS">
          <reporter-output>
          </reporter-output>
        </test-method> <!-- openBroswer -->
        <test-method signature="text()[pri:0, instance:learningpom.TestScript01@6a84a97d]" started-at="2024-03-19T21:01:20 IST" name="text" finished-at="2024-03-19T21:01:25 IST" duration-ms="4382" status="PASS">
          <reporter-output>
          </reporter-output>
        </test-method> <!-- text -->
      </class> <!-- learningpom.TestScript01 -->
    </test> <!-- Default test -->
  </suite> <!-- Default suite -->
</testng-results>
